<?xml version="1.0" encoding="UTF-8"?>
<!-- Generated by org.testng.reporters.JUnitXMLReporter -->
<testsuite ignored="0" hostname="DESKTOP-2L70K5E" failures="1" tests="3" name="Test" time="7.558" errors="0" timestamp="2024-03-18T17:34:23 IST">
  <testcase classname="Guna.Automation.Login" name="f" time="0.018">
    <failure type="java.lang.NullPointerException" message="Cannot invoke &amp;quot;org.openqa.selenium.WebDriver.findElement(org.openqa.selenium.By)&amp;quot; because &amp;quot;this.driver&amp;quot; is null">
      <![CDATA[java.lang.NullPointerException: Cannot invoke "org.openqa.selenium.WebDriver.findElement(org.openqa.selenium.By)" because "this.driver" is null
at Guna.Automation.Login.f(Login.java:62)
at java.base/java.util.ArrayList.forEach(ArrayList.java:1511)
... Removed 27 stack frames]]>
    </failure>
  </testcase> <!-- f -->
  <testcase classname="Guna.Automation.Login" name="login" time="7.428"/>
  <testcase classname="Guna.Automation.Login" name="menu" time="0.065"/>
</testsuite> <!-- Test -->
